<?xml version="1.0" encoding="UTF-8"?>
<TestRun id="69e33ea6-a035-46bb-bbf8-4af5c3b765de" name="Wong@LAPTOP-ALI 2010-05-16 11:26:23" runUser="LAPTOP-ALI\Wong" xmlns="http://microsoft.com/schemas/VisualStudio/TeamTest/2010">
  <TestSettings name="Local" id="d2971862-df47-47a2-a8f3-6f19ed00db6c">
    <Description>These are default test settings for a local test run.</Description>
    <Deployment enabled="false" runDeploymentRoot="Wong_LAPTOP-ALI 2010-05-16 11_26_23">
      <DeploymentItem filename="C:\Users\Wong\Desktop\Git Repositories\Samples\Visual Studio\HelloWorkflow\TestingWorkflow\bin\Debug\TestingWorkflow.exe" />
    </Deployment>
    <Execution>
      <TestTypeSpecific />
      <AgentRule name="Execution Agents">
      </AgentRule>
    </Execution>
  </TestSettings>
  <Times creation="2010-05-16T11:26:23.5077829-04:00" queuing="2010-05-16T11:26:31.5127829-04:00" start="2010-05-16T11:26:31.8077829-04:00" finish="2010-05-16T11:28:12.8217829-04:00" />
  <ResultSummary outcome="Error">
    <Counters total="1" executed="1" error="0" failed="0" timeout="0" aborted="1" inconclusive="0" passedButRunAborted="0" notRunnable="0" notExecuted="0" disconnected="0" warning="0" passed="0" completed="0" inProgress="0" pending="0" />
    <RunInfos>
      <RunInfo computerName="LAPTOP-ALI" outcome="Error" timestamp="2010-05-16T11:28:12.8127829-04:00">
        <Text>Test host process exited unexpectedly.</Text>
      </RunInfo>
    </RunInfos>
  </ResultSummary>
  <TestDefinitions>
    <UnitTest name="ShouldReturnGreetingWithName" storage="c:\users\wong\desktop\git repositories\samples\visual studio\helloworkflow\testingworkflow.tests\bin\debug\testingworkflow.tests.dll" id="46bdd71d-c10b-011c-1c7c-bfd02baa6d5d">
      <Execution id="82f29ff3-4f70-41a6-9aba-5963b309e831" />
      <TestMethod codeBase="C:/Users/Wong/Desktop/Git Repositories/Samples/Visual Studio/HelloWorkflow/TestingWorkflow.Tests/bin/Debug/TestingWorkflow.Tests.DLL" adapterTypeName="Microsoft.VisualStudio.TestTools.TestTypes.Unit.UnitTestAdapter, Microsoft.VisualStudio.QualityTools.Tips.UnitTest.Adapter, Version=10.0.0.0, Culture=neutral, PublicKeyToken=b03f5f7f11d50a3a" className="HelloWorkflow.Tests.TestingWorkflowTests, TestingWorkflow.Tests, Version=1.0.0.0, Culture=neutral, PublicKeyToken=null" name="ShouldReturnGreetingWithName" />
    </UnitTest>
  </TestDefinitions>
  <TestLists>
    <TestList name="Results Not in a List" id="8c84fa94-04c1-424b-9868-57a2d4851a1d" />
    <TestList name="All Loaded Results" id="19431567-8539-422a-85d7-44ee4e166bda" />
  </TestLists>
  <TestEntries>
    <TestEntry testId="46bdd71d-c10b-011c-1c7c-bfd02baa6d5d" executionId="82f29ff3-4f70-41a6-9aba-5963b309e831" testListId="8c84fa94-04c1-424b-9868-57a2d4851a1d" />
  </TestEntries>
  <Results>
    <UnitTestResult executionId="82f29ff3-4f70-41a6-9aba-5963b309e831" testId="46bdd71d-c10b-011c-1c7c-bfd02baa6d5d" testName="ShouldReturnGreetingWithName" computerName="LAPTOP-ALI" duration="00:01:40.7190000" startTime="2010-05-16T11:26:32.1017829-04:00" endTime="2010-05-16T11:28:12.8207829-04:00" testType="13cdc9d9-ddb5-4fa4-a97d-d965ccfc6d4b" outcome="Aborted" testListId="8c84fa94-04c1-424b-9868-57a2d4851a1d" relativeResultsDirectory="82f29ff3-4f70-41a6-9aba-5963b309e831">
    </UnitTestResult>
  </Results>
</TestRun>