<?xml version="1.0" encoding="UTF-8"?>
<TestRun id="81996638-1957-4035-9709-91735f8d65c2" name="Wong@LAPTOP-ALI 2010-05-16 11:33:26" runUser="LAPTOP-ALI\Wong" xmlns="http://microsoft.com/schemas/VisualStudio/TeamTest/2010">
  <TestSettings name="Local" id="d2971862-df47-47a2-a8f3-6f19ed00db6c">
    <Description>These are default test settings for a local test run.</Description>
    <Deployment userDeploymentRoot="C:\Users\Wong\Desktop\Git Repositories\Samples\Visual Studio\HelloWorkflow\TestResults" useDefaultDeploymentRoot="false" enabled="false" runDeploymentRoot="Wong_LAPTOP-ALI 2010-05-16 11_33_26">
      <DeploymentItem filename="C:\Users\Wong\Desktop\Git Repositories\Samples\Visual Studio\HelloWorkflow\TestingWorkflow\bin\Release\TestingWorkflow.exe" />
    </Deployment>
    <Execution>
      <TestTypeSpecific />
      <AgentRule name="Execution Agents">
      </AgentRule>
    </Execution>
  </TestSettings>
  <Times creation="2010-05-16T11:33:26.7967829-04:00" queuing="2010-05-16T11:33:29.5067829-04:00" start="2010-05-16T11:33:29.7767829-04:00" finish="2010-05-16T11:33:33.4347829-04:00" />
  <ResultSummary outcome="Completed">
    <Counters total="1" executed="1" passed="1" error="0" failed="0" timeout="0" aborted="0" inconclusive="0" passedButRunAborted="0" notRunnable="0" notExecuted="0" disconnected="0" warning="0" completed="0" inProgress="0" pending="0" />
  </ResultSummary>
  <TestDefinitions>
    <UnitTest name="ShouldReturnGreetingWithName" storage="c:\users\wong\desktop\git repositories\samples\visual studio\helloworkflow\testingworkflow.tests\bin\release\testingworkflow.tests.dll" id="46bdd71d-c10b-011c-1c7c-bfd02baa6d5d">
      <Execution id="f69832c0-5daa-42bb-9f37-8c7189bc702f" />
      <TestMethod codeBase="C:/Users/Wong/Desktop/Git Repositories/Samples/Visual Studio/HelloWorkflow/TestingWorkflow.Tests/bin/Release/TestingWorkflow.Tests.DLL" adapterTypeName="Microsoft.VisualStudio.TestTools.TestTypes.Unit.UnitTestAdapter, Microsoft.VisualStudio.QualityTools.Tips.UnitTest.Adapter, Version=10.0.0.0, Culture=neutral, PublicKeyToken=b03f5f7f11d50a3a" className="HelloWorkflow.Tests.TestingWorkflowTests, TestingWorkflow.Tests, Version=1.0.0.0, Culture=neutral, PublicKeyToken=null" name="ShouldReturnGreetingWithName" />
    </UnitTest>
  </TestDefinitions>
  <TestLists>
    <TestList name="Results Not in a List" id="8c84fa94-04c1-424b-9868-57a2d4851a1d" />
    <TestList name="All Loaded Results" id="19431567-8539-422a-85d7-44ee4e166bda" />
  </TestLists>
  <TestEntries>
    <TestEntry testId="46bdd71d-c10b-011c-1c7c-bfd02baa6d5d" executionId="f69832c0-5daa-42bb-9f37-8c7189bc702f" testListId="8c84fa94-04c1-424b-9868-57a2d4851a1d" />
  </TestEntries>
  <Results>
    <UnitTestResult executionId="f69832c0-5daa-42bb-9f37-8c7189bc702f" testId="46bdd71d-c10b-011c-1c7c-bfd02baa6d5d" testName="ShouldReturnGreetingWithName" computerName="LAPTOP-ALI" duration="00:00:01.9635700" startTime="2010-05-16T11:33:29.8827829-04:00" endTime="2010-05-16T11:33:33.2687829-04:00" testType="13cdc9d9-ddb5-4fa4-a97d-d965ccfc6d4b" outcome="Passed" testListId="8c84fa94-04c1-424b-9868-57a2d4851a1d" relativeResultsDirectory="f69832c0-5daa-42bb-9f37-8c7189bc702f">
    </UnitTestResult>
  </Results>
</TestRun>