<?xml version="1.0" encoding="UTF-8"?>
<TestRun id="f8e6bb42-bc4e-437a-88fc-21d68c8dc1d6" name="Wong@LAPTOP-ALI 2010-05-16 11:28:51" runUser="LAPTOP-ALI\Wong" xmlns="http://microsoft.com/schemas/VisualStudio/TeamTest/2010">
  <TestSettings name="Local" id="d2971862-df47-47a2-a8f3-6f19ed00db6c">
    <Description>These are default test settings for a local test run.</Description>
    <Deployment enabled="false" runDeploymentRoot="Wong_LAPTOP-ALI 2010-05-16 11_28_51">
      <DeploymentItem filename="C:\Users\Wong\Desktop\Git Repositories\Samples\Visual Studio\HelloWorkflow\TestingWorkflow\bin\Debug\TestingWorkflow.exe" />
    </Deployment>
    <Execution>
      <TestTypeSpecific />
      <AgentRule name="Execution Agents">
      </AgentRule>
    </Execution>
  </TestSettings>
  <Times creation="2010-05-16T11:28:51.6987829-04:00" queuing="2010-05-16T11:28:52.0347829-04:00" start="2010-05-16T11:28:52.1397829-04:00" finish="2010-05-16T11:28:53.2237829-04:00" />
  <ResultSummary outcome="Failed">
    <Counters total="1" executed="1" error="0" failed="1" timeout="0" aborted="0" inconclusive="0" passedButRunAborted="0" notRunnable="0" notExecuted="0" disconnected="0" warning="0" passed="0" completed="0" inProgress="0" pending="0" />
  </ResultSummary>
  <TestDefinitions>
    <UnitTest name="ShouldReturnGreetingWithName" storage="c:\users\wong\desktop\git repositories\samples\visual studio\helloworkflow\testingworkflow.tests\bin\debug\testingworkflow.tests.dll" id="46bdd71d-c10b-011c-1c7c-bfd02baa6d5d">
      <Execution id="007ea6ff-4d28-4291-8a19-f460c436e71f" />
      <TestMethod codeBase="C:/Users/Wong/Desktop/Git Repositories/Samples/Visual Studio/HelloWorkflow/TestingWorkflow.Tests/bin/Debug/TestingWorkflow.Tests.DLL" adapterTypeName="Microsoft.VisualStudio.TestTools.TestTypes.Unit.UnitTestAdapter, Microsoft.VisualStudio.QualityTools.Tips.UnitTest.Adapter, Version=10.0.0.0, Culture=neutral, PublicKeyToken=b03f5f7f11d50a3a" className="HelloWorkflow.Tests.TestingWorkflowTests, TestingWorkflow.Tests, Version=1.0.0.0, Culture=neutral, PublicKeyToken=null" name="ShouldReturnGreetingWithName" />
    </UnitTest>
  </TestDefinitions>
  <TestLists>
    <TestList name="Results Not in a List" id="8c84fa94-04c1-424b-9868-57a2d4851a1d" />
    <TestList name="All Loaded Results" id="19431567-8539-422a-85d7-44ee4e166bda" />
  </TestLists>
  <TestEntries>
    <TestEntry testId="46bdd71d-c10b-011c-1c7c-bfd02baa6d5d" executionId="007ea6ff-4d28-4291-8a19-f460c436e71f" testListId="8c84fa94-04c1-424b-9868-57a2d4851a1d" />
  </TestEntries>
  <Results>
    <UnitTestResult executionId="007ea6ff-4d28-4291-8a19-f460c436e71f" testId="46bdd71d-c10b-011c-1c7c-bfd02baa6d5d" testName="ShouldReturnGreetingWithName" computerName="LAPTOP-ALI" duration="00:00:00.2034045" startTime="2010-05-16T11:28:52.1797829-04:00" endTime="2010-05-16T11:28:53.1427829-04:00" testType="13cdc9d9-ddb5-4fa4-a97d-d965ccfc6d4b" outcome="Failed" testListId="8c84fa94-04c1-424b-9868-57a2d4851a1d" relativeResultsDirectory="007ea6ff-4d28-4291-8a19-f460c436e71f">
      <Output>
        <StdOut>Hello Workflow 4</StdOut>
        <ErrorInfo>
          <Message>Assert.AreEqual failed. Expected:&lt;Hello Test from Workflow 4&gt;. Actual:&lt;(null)&gt;. </Message>
          <StackTrace>   at HelloWorkflow.Tests.TestingWorkflowTests.ShouldReturnGreetingWithName() in C:\Users\Wong\Desktop\Git Repositories\Samples\Visual Studio\HelloWorkflow\TestingWorkflow.Tests\TestingWorkflowTests.cs:line 25
</StackTrace>
        </ErrorInfo>
      </Output>
    </UnitTestResult>
  </Results>
</TestRun>